2021-04-17 19:27:52,448 - Epoch  1 | Batch 100/218 | Time/Batch(ms) 609.13 | Train Loss 0.7641 | Acc 0.4375 | micro-score 0.4375 | macro-score 0.4000 | precision 0.7333 | recall 0.4400
2021-04-17 19:28:53,999 - Epoch  1 | Batch 200/218 | Time/Batch(ms) 615.51 | Train Loss 0.7272 | Acc 0.6562 | micro-score 0.6562 | macro-score 0.6102 | precision 0.8889 | recall 0.6400
2021-04-17 19:29:39,729 - Epoch  1 | Time 168.1830 sec | Train Loss 0.7450 | Train Acc 0.5029 | micro-score 0.5029 | macro-score 0.4700 | precision 0.7748 | recall 0.4922
2021-04-17 19:29:39,729 - Epoch  1 | Time 168.1830 sec | Valid Loss 0.7060 | Valid Acc 0.5660 | mirco-score 0.5660 | macro-score 0.5008 | precision 0.7749 | recall 0.6078
2021-04-17 19:30:41,346 - Epoch  2 | Batch 100/218 | Time/Batch(ms) 616.02 | Train Loss 0.6612 | Acc 0.6250 | micro-score 0.6250 | macro-score 0.5636 | precision 0.7619 | recall 0.6957
2021-04-17 19:31:41,362 - Epoch  2 | Batch 200/218 | Time/Batch(ms) 600.15 | Train Loss 0.6613 | Acc 0.7812 | micro-score 0.7812 | macro-score 0.7380 | precision 0.9048 | recall 0.7917
2021-04-17 19:32:27,070 - Epoch  2 | Time 167.3144 sec | Train Loss 0.6641 | Train Acc 0.6080 | micro-score 0.6080 | macro-score 0.5670 | precision 0.8419 | recall 0.5993
2021-04-17 19:32:27,070 - Epoch  2 | Time 167.3144 sec | Valid Loss 0.6966 | Valid Acc 0.5788 | mirco-score 0.5788 | macro-score 0.5201 | precision 0.7913 | recall 0.6085
2021-04-17 19:33:28,059 - Epoch  3 | Batch 100/218 | Time/Batch(ms) 609.74 | Train Loss 0.6129 | Acc 0.6562 | micro-score 0.6562 | macro-score 0.6102 | precision 0.8889 | recall 0.6400
2021-04-17 19:34:27,469 - Epoch  3 | Batch 200/218 | Time/Batch(ms) 594.10 | Train Loss 0.6175 | Acc 0.7188 | micro-score 0.7188 | macro-score 0.7117 | precision 0.8235 | recall 0.7000
2021-04-17 19:35:11,949 - Epoch  3 | Time 164.8532 sec | Train Loss 0.6160 | Train Acc 0.6640 | micro-score 0.6640 | macro-score 0.6185 | precision 0.8677 | recall 0.6609
2021-04-17 19:35:11,949 - Epoch  3 | Time 164.8532 sec | Valid Loss 0.7494 | Valid Acc 0.4979 | mirco-score 0.4979 | macro-score 0.4758 | precision 0.7952 | recall 0.4606
2021-04-17 19:36:11,853 - Epoch  4 | Batch 100/218 | Time/Batch(ms) 599.04 | Train Loss 0.5658 | Acc 0.7500 | micro-score 0.7500 | macro-score 0.7091 | precision 0.8571 | recall 0.7826
2021-04-17 19:37:11,656 - Epoch  4 | Batch 200/218 | Time/Batch(ms) 598.03 | Train Loss 0.5650 | Acc 0.5938 | micro-score 0.5938 | macro-score 0.4793 | precision 0.8947 | recall 0.6071
2021-04-17 19:37:57,096 - Epoch  4 | Time 165.1357 sec | Train Loss 0.5670 | Train Acc 0.7247 | micro-score 0.7247 | macro-score 0.6762 | precision 0.8921 | recall 0.7276
2021-04-17 19:37:57,096 - Epoch  4 | Time 165.1357 sec | Valid Loss 0.7255 | Valid Acc 0.5543 | mirco-score 0.5543 | macro-score 0.5086 | precision 0.7927 | recall 0.5632
2021-04-17 19:38:57,296 - Epoch  5 | Batch 100/218 | Time/Batch(ms) 601.99 | Train Loss 0.5239 | Acc 0.7188 | micro-score 0.7188 | macro-score 0.6632 | precision 0.8571 | recall 0.7500
2021-04-17 19:39:56,901 - Epoch  5 | Batch 200/218 | Time/Batch(ms) 596.05 | Train Loss 0.5276 | Acc 0.7812 | micro-score 0.7812 | macro-score 0.7380 | precision 0.8261 | recall 0.8636
2021-04-17 19:40:41,557 - Epoch  5 | Time 164.4492 sec | Train Loss 0.5266 | Train Acc 0.7759 | micro-score 0.7759 | macro-score 0.7248 | precision 0.9046 | recall 0.7899
2021-04-17 19:40:41,557 - Epoch  5 | Time 164.4492 sec | Valid Loss 0.6720 | Valid Acc 0.6177 | mirco-score 0.6177 | macro-score 0.5319 | precision 0.7862 | recall 0.6853
2021-04-17 19:41:42,405 - Epoch  6 | Batch 100/218 | Time/Batch(ms) 608.33 | Train Loss 0.4796 | Acc 0.7500 | micro-score 0.7500 | macro-score 0.6908 | precision 0.8636 | recall 0.7917
2021-04-17 19:42:41,420 - Epoch  6 | Batch 200/218 | Time/Batch(ms) 590.15 | Train Loss 0.4943 | Acc 0.7188 | micro-score 0.7188 | macro-score 0.6395 | precision 0.8261 | recall 0.7917
2021-04-17 19:43:26,064 - Epoch  6 | Time 164.4814 sec | Train Loss 0.4875 | Train Acc 0.8126 | micro-score 0.8126 | macro-score 0.7617 | precision 0.9128 | recall 0.8345
2021-04-17 19:43:26,064 - Epoch  6 | Time 164.4814 sec | Valid Loss 0.6256 | Valid Acc 0.6885 | mirco-score 0.6885 | macro-score 0.5457 | precision 0.7830 | recall 0.8186
2021-04-17 19:44:27,088 - Epoch  7 | Batch 100/218 | Time/Batch(ms) 610.07 | Train Loss 0.4518 | Acc 0.9688 | micro-score 0.9688 | macro-score 0.9646 | precision 1.0000 | recall 0.9545
2021-04-17 19:45:28,012 - Epoch  7 | Batch 200/218 | Time/Batch(ms) 609.24 | Train Loss 0.4538 | Acc 0.8125 | micro-score 0.8125 | macro-score 0.7257 | precision 0.9167 | recall 0.8462
2021-04-17 19:46:13,743 - Epoch  7 | Time 167.6523 sec | Train Loss 0.4542 | Train Acc 0.8391 | micro-score 0.8391 | macro-score 0.7893 | precision 0.9174 | recall 0.8674
2021-04-17 19:46:13,744 - Epoch  7 | Time 167.6523 sec | Valid Loss 0.6642 | Valid Acc 0.6390 | mirco-score 0.6390 | macro-score 0.5307 | precision 0.7803 | recall 0.7334
2021-04-17 19:47:15,396 - Epoch  8 | Batch 100/218 | Time/Batch(ms) 616.52 | Train Loss 0.4173 | Acc 0.8125 | micro-score 0.8125 | macro-score 0.7681 | precision 0.8696 | recall 0.8696
2021-04-17 19:48:15,968 - Epoch  8 | Batch 200/218 | Time/Batch(ms) 605.73 | Train Loss 0.4106 | Acc 0.9688 | micro-score 0.9688 | macro-score 0.9565 | precision 0.9600 | recall 1.0000
2021-04-17 19:49:01,762 - Epoch  8 | Time 168.0074 sec | Train Loss 0.4156 | Train Acc 0.8721 | micro-score 0.8721 | macro-score 0.8279 | precision 0.9278 | recall 0.9028
2021-04-17 19:49:01,762 - Epoch  8 | Time 168.0074 sec | Valid Loss 0.7417 | Valid Acc 0.5548 | mirco-score 0.5548 | macro-score 0.4980 | precision 0.7772 | recall 0.5841
2021-04-17 19:50:03,681 - Epoch  9 | Batch 100/218 | Time/Batch(ms) 619.19 | Train Loss 0.3747 | Acc 0.9375 | micro-score 0.9375 | macro-score 0.8974 | precision 1.0000 | recall 0.9259
2021-04-17 19:51:03,814 - Epoch  9 | Batch 200/218 | Time/Batch(ms) 601.32 | Train Loss 0.3924 | Acc 0.8438 | micro-score 0.8438 | macro-score 0.7997 | precision 1.0000 | recall 0.8077
2021-04-17 19:51:49,521 - Epoch  9 | Time 167.7487 sec | Train Loss 0.3847 | Train Acc 0.8862 | micro-score 0.8862 | macro-score 0.8448 | precision 0.9321 | recall 0.9178
2021-04-17 19:51:49,521 - Epoch  9 | Time 167.7487 sec | Valid Loss 0.6576 | Valid Acc 0.6470 | mirco-score 0.6470 | macro-score 0.5266 | precision 0.7766 | recall 0.7544
2021-04-17 19:52:51,286 - Epoch 10 | Batch 100/218 | Time/Batch(ms) 617.65 | Train Loss 0.3319 | Acc 1.0000 | micro-score 1.0000 | macro-score 1.0000 | precision 1.0000 | recall 1.0000
2021-04-17 19:53:51,043 - Epoch 10 | Batch 200/218 | Time/Batch(ms) 597.56 | Train Loss 0.3353 | Acc 0.9062 | micro-score 0.9062 | macro-score 0.8982 | precision 0.8636 | recall 1.0000
2021-04-17 19:54:36,411 - Epoch 10 | Time 166.8791 sec | Train Loss 0.3339 | Train Acc 0.9335 | micro-score 0.9335 | macro-score 0.9067 | precision 0.9518 | recall 0.9616
2021-04-17 19:54:36,411 - Epoch 10 | Time 166.8791 sec | Valid Loss 0.6332 | Valid Acc 0.6757 | mirco-score 0.6757 | macro-score 0.5350 | precision 0.7788 | recall 0.8032
2021-04-17 19:56:43,729 - 

Train Loss 0.4062 | Train Acc 0.8975 | Train f1-score 0.8975 | Train f1-score-macro 0.8548 | Train precision 0.9248 | Train recall 0.9423
2021-04-17 19:57:18,190 - 

Test Loss 0.6249 | Test Acc 0.6885 | Test f1-score 0.6885 | Test f1-score-macro 0.5457 | Test precision 0.7830 | Test recall 0.8186
